<?xml version="1.0" encoding="UTF-8"?>
<!-- Generated by org.testng.reporters.JUnitXMLReporter -->
<testsuite hostname="LAPTOP-PA2925DR" ignored="4" name="onlyRunStu" tests="2" failures="0" timestamp="07 五月 2018 13:39:06 GMT" time="0.005" errors="0">
  <testcase name="teacher1" time="0.001" classname="com.fengys.chapter5.testng.groups.GroupOnClass3"/>
  <testcase name="teacher2" time="0.001" classname="com.fengys.chapter5.testng.groups.GroupOnClass3"/>
  <testcase name="stu2" time="0.0" classname="com.fengys.chapter5.testng.groups.GroupOnClass1">
    <ignored/>
  </testcase> <!-- stu2 -->
  <testcase name="stu1" time="0.0" classname="com.fengys.chapter5.testng.groups.GroupOnClass2">
    <ignored/>
  </testcase> <!-- stu1 -->
  <testcase name="stu1" time="0.0" classname="com.fengys.chapter5.testng.groups.GroupOnClass1">
    <ignored/>
  </testcase> <!-- stu1 -->
  <testcase name="stu2" time="0.0" classname="com.fengys.chapter5.testng.groups.GroupOnClass2">
    <ignored/>
  </testcase> <!-- stu2 -->
</testsuite> <!-- onlyRunStu -->
