<?xml version="1.0" encoding="UTF-8"?>
<!-- Generated by org.testng.reporters.JUnitXMLReporter -->
<testsuite hostname="LAPTOP-PA2925DR" ignored="2" name="Default test" tests="2" failures="0" timestamp="07 五月 2018 15:20:35 GMT" time="0.038" errors="0">
  <testcase name="test2" time="0.01" classname="com.fengys.chapter5.testng.paramter.DataProvideTest"/>
  <testcase name="test2" time="0.001" classname="com.fengys.chapter5.testng.paramter.DataProvideTest"/>
  <testcase name="testProvider" time="0.0" classname="com.fengys.chapter5.testng.paramter.DataProvideTest">
    <ignored/>
  </testcase> <!-- testProvider -->
  <testcase name="test1" time="0.0" classname="com.fengys.chapter5.testng.paramter.DataProvideTest">
    <ignored/>
  </testcase> <!-- test1 -->
</testsuite> <!-- Default test -->
