<?xml version="1.0" encoding="UTF-8"?>
<!-- Generated by org.testng.reporters.JUnitXMLReporter -->
<testsuite hostname="LAPTOP-PA2925DR" ignored="0" name="Default test" tests="10" failures="0" timestamp="08 五月 2018 14:50:14 GMT" time="0.077" errors="0">
  <testcase name="test" time="0.019" classname="com.fengys.chapter5.testng.multiThread.MultiThreadOnAnnotion"/>
  <testcase name="test" time="0.019" classname="com.fengys.chapter5.testng.multiThread.MultiThreadOnAnnotion"/>
  <testcase name="test" time="0.019" classname="com.fengys.chapter5.testng.multiThread.MultiThreadOnAnnotion"/>
  <testcase name="test" time="0.021" classname="com.fengys.chapter5.testng.multiThread.MultiThreadOnAnnotion"/>
  <testcase name="test" time="0.024" classname="com.fengys.chapter5.testng.multiThread.MultiThreadOnAnnotion"/>
  <testcase name="test" time="0.024" classname="com.fengys.chapter5.testng.multiThread.MultiThreadOnAnnotion"/>
  <testcase name="test" time="0.028" classname="com.fengys.chapter5.testng.multiThread.MultiThreadOnAnnotion"/>
  <testcase name="test" time="0.03" classname="com.fengys.chapter5.testng.multiThread.MultiThreadOnAnnotion"/>
  <testcase name="test" time="0.033" classname="com.fengys.chapter5.testng.multiThread.MultiThreadOnAnnotion"/>
  <testcase name="test" time="0.045" classname="com.fengys.chapter5.testng.multiThread.MultiThreadOnAnnotion"/>
</testsuite> <!-- Default test -->
