<?xml version="1.0" encoding="UTF-8"?>
<testng-results skipped="0" failed="0" ignored="0" total="10" passed="10">
  <reporter-output>
  </reporter-output>
  <suite name="Default suite" duration-ms="77" started-at="2018-05-08T14:50:14Z" finished-at="2018-05-08T14:50:14Z">
    <groups>
    </groups>
    <test name="Default test" duration-ms="77" started-at="2018-05-08T14:50:14Z" finished-at="2018-05-08T14:50:14Z">
      <class name="com.fengys.chapter5.testng.multiThread.MultiThreadOnAnnotion">
        <test-method status="PASS" signature="test()[pri:0, instance:com.fengys.chapter5.testng.multiThread.MultiThreadOnAnnotion@5ae9a829]" name="test" duration-ms="19" started-at="2018-05-08T22:50:14Z" finished-at="2018-05-08T22:50:14Z">
          <reporter-output>
          </reporter-output>
        </test-method> <!-- test -->
        <test-method status="PASS" signature="test()[pri:0, instance:com.fengys.chapter5.testng.multiThread.MultiThreadOnAnnotion@5ae9a829]" name="test" duration-ms="33" started-at="2018-05-08T22:50:14Z" finished-at="2018-05-08T22:50:14Z">
          <reporter-output>
          </reporter-output>
        </test-method> <!-- test -->
        <test-method status="PASS" signature="test()[pri:0, instance:com.fengys.chapter5.testng.multiThread.MultiThreadOnAnnotion@5ae9a829]" name="test" duration-ms="24" started-at="2018-05-08T22:50:14Z" finished-at="2018-05-08T22:50:14Z">
          <reporter-output>
          </reporter-output>
        </test-method> <!-- test -->
        <test-method status="PASS" signature="test()[pri:0, instance:com.fengys.chapter5.testng.multiThread.MultiThreadOnAnnotion@5ae9a829]" name="test" duration-ms="19" started-at="2018-05-08T22:50:14Z" finished-at="2018-05-08T22:50:14Z">
          <reporter-output>
          </reporter-output>
        </test-method> <!-- test -->
        <test-method status="PASS" signature="test()[pri:0, instance:com.fengys.chapter5.testng.multiThread.MultiThreadOnAnnotion@5ae9a829]" name="test" duration-ms="30" started-at="2018-05-08T22:50:14Z" finished-at="2018-05-08T22:50:14Z">
          <reporter-output>
          </reporter-output>
        </test-method> <!-- test -->
        <test-method status="PASS" signature="test()[pri:0, instance:com.fengys.chapter5.testng.multiThread.MultiThreadOnAnnotion@5ae9a829]" name="test" duration-ms="28" started-at="2018-05-08T22:50:14Z" finished-at="2018-05-08T22:50:14Z">
          <reporter-output>
          </reporter-output>
        </test-method> <!-- test -->
        <test-method status="PASS" signature="test()[pri:0, instance:com.fengys.chapter5.testng.multiThread.MultiThreadOnAnnotion@5ae9a829]" name="test" duration-ms="45" started-at="2018-05-08T22:50:14Z" finished-at="2018-05-08T22:50:14Z">
          <reporter-output>
          </reporter-output>
        </test-method> <!-- test -->
        <test-method status="PASS" signature="test()[pri:0, instance:com.fengys.chapter5.testng.multiThread.MultiThreadOnAnnotion@5ae9a829]" name="test" duration-ms="21" started-at="2018-05-08T22:50:14Z" finished-at="2018-05-08T22:50:14Z">
          <reporter-output>
          </reporter-output>
        </test-method> <!-- test -->
        <test-method status="PASS" signature="test()[pri:0, instance:com.fengys.chapter5.testng.multiThread.MultiThreadOnAnnotion@5ae9a829]" name="test" duration-ms="19" started-at="2018-05-08T22:50:14Z" finished-at="2018-05-08T22:50:14Z">
          <reporter-output>
          </reporter-output>
        </test-method> <!-- test -->
        <test-method status="PASS" signature="test()[pri:0, instance:com.fengys.chapter5.testng.multiThread.MultiThreadOnAnnotion@5ae9a829]" name="test" duration-ms="24" started-at="2018-05-08T22:50:14Z" finished-at="2018-05-08T22:50:14Z">
          <reporter-output>
          </reporter-output>
        </test-method> <!-- test -->
      </class> <!-- com.fengys.chapter5.testng.multiThread.MultiThreadOnAnnotion -->
    </test> <!-- Default test -->
  </suite> <!-- Default suite -->
</testng-results>
